C51 COMPILER V9.54   MAIN                                                                  02/12/2022 21:08:46 PAGE 1   


C51 COMPILER V9.54, COMPILATION OF MODULE MAIN
OBJECT MODULE PLACED IN .\Objects\main.obj
COMPILER INVOKED BY: D:\program\keil5\C51\BIN\C51.EXE main.c OPTIMIZE(8,SPEED) BROWSE DEBUG OBJECTEXTEND PRINT(.\Listing
                    -s\main.lst) TABS(2) OBJECT(.\Objects\main.obj)

line level    source

   1          #include <REGX51.H>
   2          #include <intrins.h>
   3          
   4          void Delay(unsigned int ms)
   5          {
   6   1        unsigned char i, j;
   7   1        while(ms--)
   8   1        {
   9   2          i = 2;
  10   2          j = 239;
  11   2          do
  12   2          {
  13   3            while (--j);
  14   3          } while (--i);
  15   2        }
  16   1      }
  17          
  18          
  19          unsigned char NixieTable[]={
  20              0x3F,
  21              0x06,
  22              0x5B,
  23              0x4F,
  24              0x66,
  25              0x6D,
  26              0x7D,
  27              0x07,
  28              0x7F,
  29              0x6F
  30          };
  31          
  32          
  33          void Nixie(unsigned char Location,Number)
  34          {
  35   1        switch(Location)    
  36   1        {
  37   2          case 1: P3_5 = 0; P3_6 = 0; P3_7 = 0; break;
  38   2          case 2: P3_5 = 1; P3_6 = 0; P3_7 = 0; break;
  39   2          case 3: P3_5 = 0; P3_6 = 1; P3_7 = 0; break;
  40   2          case 4: P3_5 = 1; P3_6 = 1; P3_7 = 0; break;
  41   2          case 5: P3_5 = 0; P3_6 = 0; P3_7 = 1; break;
  42   2          case 6: P3_5 = 1; P3_6 = 0; P3_7 = 1; break;
  43   2        }
  44   1        P2 = NixieTable[Number];  
  45   1        Delay(1);       
  46   1        P2 = 0x00;      
  47   1      }
  48          
  49          void main(){
  50   1      
  51   1        P3_0 = 1;
  52   1        P3_1 = 0;
  53   1        P1_5 = 0;
  54   1        P1_6 = 0;
C51 COMPILER V9.54   MAIN                                                                  02/12/2022 21:08:46 PAGE 2   

  55   1        P1_7 = 1;
  56   1      
  57   1        while(1){
  58   2           Nixie(1,0);  
  59   2           Nixie(2,0);
  60   2           Nixie(3,0);
  61   2           Nixie(4,0);
  62   2           Nixie(5,0);
  63   2           Nixie(6,0);
  64   2        }
  65   1          
  66   1      }


MODULE INFORMATION:   STATIC OVERLAYABLE
   CODE SIZE        =    151    ----
   CONSTANT SIZE    =   ----    ----
   XDATA SIZE       =   ----    ----
   PDATA SIZE       =   ----    ----
   DATA SIZE        =     10    ----
   IDATA SIZE       =   ----    ----
   BIT SIZE         =   ----    ----
END OF MODULE INFORMATION.


C51 COMPILATION COMPLETE.  0 WARNING(S),  0 ERROR(S)
